<?xml version="1.0" encoding="UTF-8"?>
<!-- Generated by org.testng.reporters.JUnitReportReporter -->
<testsuite hostname="DESKTOP-ESTB7O7" failures="0" tests="2" name="Runner.TestRunner" time="55.106" errors="0" timestamp="2023-12-22T23:32:27 IST" skipped="0">
  <testcase classname="Runner.TestRunner" name="runScenario" time="29.320"/>
  <system-out/>
  <testcase classname="Runner.TestRunner" name="runScenario" time="25.786"/>
  <system-out/>
</testsuite> <!-- Runner.TestRunner -->
